Using pre-set license
Built from '2020.3/staging' branch; Version is '2020.3.17f1 (a4537701e4ab) revision 10769271'; Using compiler version '192528614'; Build Type 'Release'
OS: 'Windows 10 Home; OS build 19041.1110; Version 2004; 64bit' Language: 'de' Physical Memory: 16251 MB
BatchMode: 1, IsHumanControllingUs: 0, StartBugReporterOnCrash: 0, Is64bit: 1, IsPro: 0

COMMAND LINE ARGUMENTS:
C:\Program Files\Unity\Hub\Editor\2020.3.17f1\Editor\Unity.exe
-adb2
-batchMode
-noUpm
-name
AssetImportWorker0
-projectPath
C:/Users/phili/Documents/SchnurrbisRising/SchnurrbisRisingAndroid
-logFile
Logs/AssetImportWorker0.log
-srvPort
61890
Successfully changed project path to: C:/Users/phili/Documents/SchnurrbisRising/SchnurrbisRisingAndroid
C:/Users/phili/Documents/SchnurrbisRising/SchnurrbisRisingAndroid
Using Asset Import Pipeline V2.
Refreshing native plugins compatible for Editor in 76.21 ms, found 2 plugins.
Preloading 0 native plugins for Editor in 0.00 ms.
Initialize engine version: 2020.3.17f1 (a4537701e4ab)
[Subsystems] Discovering subsystems at path C:/Program Files/Unity/Hub/Editor/2020.3.17f1/Editor/Data/Resources/UnitySubsystems
[Subsystems] Discovering subsystems at path C:/Users/phili/Documents/SchnurrbisRising/SchnurrbisRisingAndroid/Assets
GfxDevice: creating device client; threaded=0
Direct3D:
    Version:  Direct3D 11.0 [level 11.1]
    Renderer: NVIDIA GeForce GTX 1650 Ti (ID=0x1f95)
    Vendor:   
    VRAM:     3962 MB
    Driver:   27.21.14.5256
Initialize mono
Mono path[0] = 'C:/Program Files/Unity/Hub/Editor/2020.3.17f1/Editor/Data/Managed'
Mono path[1] = 'C:/Program Files/Unity/Hub/Editor/2020.3.17f1/Editor/Data/MonoBleedingEdge/lib/mono/unityjit'
Mono config path = 'C:/Program Files/Unity/Hub/Editor/2020.3.17f1/Editor/Data/MonoBleedingEdge/etc'
Using monoOptions --debugger-agent=transport=dt_socket,embedding=1,server=y,suspend=n,address=127.0.0.1:56204
Begin MonoManager ReloadAssembly
Registering precompiled unity dll's ...
Register platform support module: C:/Program Files/Unity/Hub/Editor/2020.3.17f1/Editor/Data/PlaybackEngines/WindowsStandaloneSupport/UnityEditor.WindowsStandalone.Extensions.dll
Registered in 0.001730 seconds.
Native extension for WindowsStandalone target not found
Refreshing native plugins compatible for Editor in 76.72 ms, found 2 plugins.
Preloading 0 native plugins for Editor in 0.00 ms.
Mono: successfully reloaded assembly
- Completed reload, in  1.532 seconds
Domain Reload Profiling:
	ReloadAssembly (1532ms)
		BeginReloadAssembly (48ms)
			ExecutionOrderSort (0ms)
			DisableScriptedObjects (0ms)
			BackupInstance (0ms)
			ReleaseScriptingObjects (0ms)
			CreateAndSetChildDomain (1ms)
		EndReloadAssembly (396ms)
			LoadAssemblies (45ms)
			RebuildTransferFunctionScriptingTraits (0ms)
			SetupTypeCache (127ms)
			ReleaseScriptCaches (0ms)
			RebuildScriptCaches (26ms)
			SetupLoadedEditorAssemblies (182ms)
				LogAssemblyErrors (0ms)
				InitializePlatformSupportModulesInManaged (3ms)
				SetLoadedEditorAssemblies (0ms)
				RefreshPlugins (77ms)
				BeforeProcessingInitializeOnLoad (14ms)
				ProcessInitializeOnLoadAttributes (65ms)
				ProcessInitializeOnLoadMethodAttributes (23ms)
				AfterProcessingInitializeOnLoad (0ms)
				EditorAssembliesLoaded (0ms)
			ExecutionOrderSort2 (0ms)
			AwakeInstancesAfterBackupRestoration (0ms)
Platform modules already initialized, skipping
Registering precompiled user dll's ...
Registered in 0.004915 seconds.
Begin MonoManager ReloadAssembly
Native extension for WindowsStandalone target not found
Refreshing native plugins compatible for Editor in 77.33 ms, found 2 plugins.
Preloading 0 native plugins for Editor in 0.00 ms.
Mono: successfully reloaded assembly
- Completed reload, in  1.177 seconds
Domain Reload Profiling:
	ReloadAssembly (1177ms)
		BeginReloadAssembly (125ms)
			ExecutionOrderSort (0ms)
			DisableScriptedObjects (4ms)
			BackupInstance (0ms)
			ReleaseScriptingObjects (0ms)
			CreateAndSetChildDomain (15ms)
		EndReloadAssembly (995ms)
			LoadAssemblies (81ms)
			RebuildTransferFunctionScriptingTraits (0ms)
			SetupTypeCache (283ms)
			ReleaseScriptCaches (1ms)
			RebuildScriptCaches (55ms)
			SetupLoadedEditorAssemblies (469ms)
				LogAssemblyErrors (0ms)
				InitializePlatformSupportModulesInManaged (3ms)
				SetLoadedEditorAssemblies (0ms)
				RefreshPlugins (77ms)
				BeforeProcessingInitializeOnLoad (85ms)
				ProcessInitializeOnLoadAttributes (293ms)
				ProcessInitializeOnLoadMethodAttributes (4ms)
				AfterProcessingInitializeOnLoad (6ms)
				EditorAssembliesLoaded (0ms)
			ExecutionOrderSort2 (0ms)
			AwakeInstancesAfterBackupRestoration (6ms)
Platform modules already initialized, skipping
========================================================================
Worker process is ready to serve import requests
Launched and connected shader compiler UnityShaderCompiler.exe after 0.04 seconds
Refreshing native plugins compatible for Editor in 1.10 ms, found 2 plugins.
Preloading 0 native plugins for Editor in 0.00 ms.
Unloading 3199 Unused Serialized files (Serialized files now loaded: 0)
System memory in use before: 219.8 MB.
System memory in use after: 220.0 MB.

Unloading 33 unused Assets to reduce memory usage. Loaded Objects now: 3638.
Total: 3.159100 ms (FindLiveObjects: 0.286200 ms CreateObjectMapping: 0.150500 ms MarkObjects: 2.655500 ms  DeleteObjects: 0.066000 ms)

AssetImportParameters requested are different than current active one (requested -> active):
  custom:framework-win-MediaFoundation: 216162199b28c13a410421893ffa2e32 -> 
  custom:video-decoder-ogg-theora: a1e56fd34408186e4bbccfd4996cb3dc -> 
  custom:container-muxer-webm: aa71ff27fc2769a1b78a27578f13a17b -> 
  custom:container-demuxer-webm: 4f35f7cbe854078d1ac9338744f61a02 -> 
  custom:container-demuxer-ogg: 62fdf1f143b41e24485cea50d1cbac27 -> 
  custom:video-encoder-webm-vp8: eb34c28f22e8b96e1ab97ce403110664 -> 
  custom:video-codec-MediaFoundation-h265: 746d11721c4dcdbdad8f713fa42b33f4 -> 
  custom:video-decoder-webm-vp8: 9c59270c3fd7afecdb556c50c9e8de78 -> 
  custom:audio-decoder-ogg-vorbis: bf7c407c2cedff20999df2af8eb42d56 -> 
  custom:audio-encoder-webm-vorbis: bf7c407c2cedff20999df2af8eb42d56 -> 
========================================================================
Received Import Request.
  path: Assets/Malbers Animations/Animals Packs/01 Forest Pack/Bear
  artifactKey: Guid(7973fb3290c8ec9479ec90e908f1463a) Importer(815301076,1909f56bfc062723c751e8b465ee728b)
Start importing Assets/Malbers Animations/Animals Packs/01 Forest Pack/Bear using Guid(7973fb3290c8ec9479ec90e908f1463a) Importer(815301076,1909f56bfc062723c751e8b465ee728b)  -> (artifact id: 'ed120dc7d1d780d8c98fe6a6d0ccaf60') in 0.004635 seconds 
  Import took 0.008798 seconds .

========================================================================
Received Import Request.
  Time since last request: 0.000280 seconds.
  path: Assets/Malbers Animations/Animals Packs/01 Forest Pack/_Forest Pack (AC)/Raccoon AC
  artifactKey: Guid(280ccc43b494cee4db645abb8679f930) Importer(815301076,1909f56bfc062723c751e8b465ee728b)
Start importing Assets/Malbers Animations/Animals Packs/01 Forest Pack/_Forest Pack (AC)/Raccoon AC using Guid(280ccc43b494cee4db645abb8679f930) Importer(815301076,1909f56bfc062723c751e8b465ee728b)  -> (artifact id: '444f2eb2bad9b14eed17bc7384434171') in 0.001714 seconds 
  Import took 0.005995 seconds .

========================================================================
Received Import Request.
  Time since last request: 0.000229 seconds.
  path: Assets/Malbers Animations/Animals Packs/01 Forest Pack/_Forest Pack (AC)/Cougar AC/3 - Prefabs
  artifactKey: Guid(36903e892fe92bc469a002a25b7412e8) Importer(815301076,1909f56bfc062723c751e8b465ee728b)
Start importing Assets/Malbers Animations/Animals Packs/01 Forest Pack/_Forest Pack (AC)/Cougar AC/3 - Prefabs using Guid(36903e892fe92bc469a002a25b7412e8) Importer(815301076,1909f56bfc062723c751e8b465ee728b)  -> (artifact id: 'e50c29462e640f22b36f2fdd9275b4d2') in 0.001725 seconds 
  Import took 0.006097 seconds .

========================================================================
Received Import Request.
  Time since last request: 239.323571 seconds.
  path: Assets/Malbers Animations/Animals Packs/01 Forest Pack/_Forest Pack (AC)/Cougar AC/3 - Prefabs/Leopard.prefab
  artifactKey: Guid(e27a21234bb94be47b35d227c1bc4a78) Importer(815301076,1909f56bfc062723c751e8b465ee728b)
Start importing Assets/Malbers Animations/Animals Packs/01 Forest Pack/_Forest Pack (AC)/Cougar AC/3 - Prefabs/Leopard.prefab using Guid(e27a21234bb94be47b35d227c1bc4a78) Importer(815301076,1909f56bfc062723c751e8b465ee728b)  -> (artifact id: 'ab701be494d1fe318fc83e3ba00efcb3') in 0.723230 seconds 
  Import took 0.733441 seconds .

========================================================================
Received Import Request.
  Time since last request: 0.704859 seconds.
  path: Assets/Malbers Animations/Animals Packs/01 Forest Pack/_Forest Pack (AC)/Cougar AC/3 - Prefabs/Cougar AI.prefab
  artifactKey: Guid(d6e3cbcf76fda814da6ddc055bb0348a) Importer(815301076,1909f56bfc062723c751e8b465ee728b)
Start importing Assets/Malbers Animations/Animals Packs/01 Forest Pack/_Forest Pack (AC)/Cougar AC/3 - Prefabs/Cougar AI.prefab using Guid(d6e3cbcf76fda814da6ddc055bb0348a) Importer(815301076,1909f56bfc062723c751e8b465ee728b)  -> (artifact id: '785f56adcbd91559771076252e35abab') in 0.276821 seconds 
  Import took 0.285844 seconds .

========================================================================
Received Import Request.
  Time since last request: 2.590073 seconds.
  path: Assets/Malbers Animations/Animals Packs/01 Forest Pack/_Forest Pack (AC)/Cougar AC/3 - Prefabs/Panther Skinny.prefab
  artifactKey: Guid(88f9a23db409d1645beb0a9ab7ede58b) Importer(815301076,1909f56bfc062723c751e8b465ee728b)
Start importing Assets/Malbers Animations/Animals Packs/01 Forest Pack/_Forest Pack (AC)/Cougar AC/3 - Prefabs/Panther Skinny.prefab using Guid(88f9a23db409d1645beb0a9ab7ede58b) Importer(815301076,1909f56bfc062723c751e8b465ee728b)  -> (artifact id: 'd99f516d5c3d09e98ac3e469c9e74dfa') in 0.267972 seconds 
  Import took 0.277787 seconds .

========================================================================
Received Import Request.
  Time since last request: 1.319673 seconds.
  path: Assets/Malbers Animations/Animals Packs/01 Forest Pack/_Forest Pack (AC)/Cougar AC/3 - Prefabs/Panther.prefab
  artifactKey: Guid(3d49b16a50975964ebdd1f01e43fa79c) Importer(815301076,1909f56bfc062723c751e8b465ee728b)
Start importing Assets/Malbers Animations/Animals Packs/01 Forest Pack/_Forest Pack (AC)/Cougar AC/3 - Prefabs/Panther.prefab using Guid(3d49b16a50975964ebdd1f01e43fa79c) Importer(815301076,1909f56bfc062723c751e8b465ee728b)  -> (artifact id: '351dd2ba6d68719410b4d2bff0310035') in 0.291642 seconds 
  Import took 0.301082 seconds .

========================================================================
Received Import Request.
  Time since last request: 25.848815 seconds.
  path: Assets/Malbers Animations/Animals Packs/01 Forest Pack/_Forest Pack (AC)/Cougar AC/3 - Prefabs/Leopard 1.prefab
  artifactKey: Guid(85b4486df64fbc24d963fa87383115b5) Importer(815301076,1909f56bfc062723c751e8b465ee728b)
Start importing Assets/Malbers Animations/Animals Packs/01 Forest Pack/_Forest Pack (AC)/Cougar AC/3 - Prefabs/Leopard 1.prefab using Guid(85b4486df64fbc24d963fa87383115b5) Importer(815301076,1909f56bfc062723c751e8b465ee728b)  -> (artifact id: '1eb01f56fa658ed85047a869c1cc8785') in 0.279902 seconds 
  Import took 0.289551 seconds .

========================================================================
Received Import Request.
  Time since last request: 8.490834 seconds.
  path: Assets/Malbers Animations/Animals Packs/01 Forest Pack/_Forest Pack (AC)/Cougar AC/3 - Prefabs/Leopard 1.prefab
  artifactKey: Guid(85b4486df64fbc24d963fa87383115b5) Importer(815301076,1909f56bfc062723c751e8b465ee728b)
Start importing Assets/Malbers Animations/Animals Packs/01 Forest Pack/_Forest Pack (AC)/Cougar AC/3 - Prefabs/Leopard 1.prefab using Guid(85b4486df64fbc24d963fa87383115b5) Importer(815301076,1909f56bfc062723c751e8b465ee728b)  -> (artifact id: '086ab8b917069be9a4fdb82e908ffd66') in 0.267986 seconds 
  Import took 0.277293 seconds .

========================================================================
Received Import Request.
  Time since last request: 12.276691 seconds.
  path: Assets/Malbers Animations/Animals Packs/01 Forest Pack/_Forest Pack (AC)/Cougar AC/3 - Prefabs/Leopard 1.prefab
  artifactKey: Guid(85b4486df64fbc24d963fa87383115b5) Importer(815301076,1909f56bfc062723c751e8b465ee728b)
Start importing Assets/Malbers Animations/Animals Packs/01 Forest Pack/_Forest Pack (AC)/Cougar AC/3 - Prefabs/Leopard 1.prefab using Guid(85b4486df64fbc24d963fa87383115b5) Importer(815301076,1909f56bfc062723c751e8b465ee728b)  -> (artifact id: 'fd5c4f2fb7be2d4e8e8fb7c92e38b5b9') in 0.274032 seconds 
  Import took 0.284237 seconds .

========================================================================
Received Import Request.
  Time since last request: 164.766342 seconds.
  path: Assets/Schnurrbi.prefab
  artifactKey: Guid(85b4486df64fbc24d963fa87383115b5) Importer(815301076,1909f56bfc062723c751e8b465ee728b)
Start importing Assets/Schnurrbi.prefab using Guid(85b4486df64fbc24d963fa87383115b5) Importer(815301076,1909f56bfc062723c751e8b465ee728b)  -> (artifact id: '356842a9d22867602db38e25e8518c4d') in 0.267185 seconds 
  Import took 0.276797 seconds .

========================================================================
Received Import Request.
  Time since last request: 18.180469 seconds.
  path: Assets/GUI PRO Kit - Casual Game
  artifactKey: Guid(031f06357a8dc5444a6b658bcfbcf4a7) Importer(815301076,1909f56bfc062723c751e8b465ee728b)
Start importing Assets/GUI PRO Kit - Casual Game using Guid(031f06357a8dc5444a6b658bcfbcf4a7) Importer(815301076,1909f56bfc062723c751e8b465ee728b)  -> (artifact id: 'b5d655c8b258474a8210ed017331f40b') in 0.001975 seconds 
  Import took 0.006904 seconds .

========================================================================
Received Prepare
Registering precompiled user dll's ...
Registered in 0.006358 seconds.
Begin MonoManager ReloadAssembly
Native extension for WindowsStandalone target not found
Refreshing native plugins compatible for Editor in 0.78 ms, found 2 plugins.
Preloading 0 native plugins for Editor in 0.00 ms.
Mono: successfully reloaded assembly
- Completed reload, in  1.078 seconds
Domain Reload Profiling:
	ReloadAssembly (1078ms)
		BeginReloadAssembly (122ms)
			ExecutionOrderSort (0ms)
			DisableScriptedObjects (6ms)
			BackupInstance (0ms)
			ReleaseScriptingObjects (0ms)
			CreateAndSetChildDomain (34ms)
		EndReloadAssembly (903ms)
			LoadAssemblies (78ms)
			RebuildTransferFunctionScriptingTraits (0ms)
			SetupTypeCache (281ms)
			ReleaseScriptCaches (1ms)
			RebuildScriptCaches (38ms)
			SetupLoadedEditorAssemblies (381ms)
				LogAssemblyErrors (0ms)
				InitializePlatformSupportModulesInManaged (3ms)
				SetLoadedEditorAssemblies (0ms)
				RefreshPlugins (1ms)
				BeforeProcessingInitializeOnLoad (77ms)
				ProcessInitializeOnLoadAttributes (290ms)
				ProcessInitializeOnLoadMethodAttributes (3ms)
				AfterProcessingInitializeOnLoad (6ms)
				EditorAssembliesLoaded (0ms)
			ExecutionOrderSort2 (0ms)
			AwakeInstancesAfterBackupRestoration (13ms)
Platform modules already initialized, skipping
Refreshing native plugins compatible for Editor in 0.79 ms, found 2 plugins.
Preloading 0 native plugins for Editor in 0.00 ms.
Unloading 3068 Unused Serialized files (Serialized files now loaded: 0)
System memory in use before: 232.6 MB.
System memory in use after: 232.8 MB.

Unloading 16 unused Assets to reduce memory usage. Loaded Objects now: 3701.
Total: 3.182800 ms (FindLiveObjects: 0.325000 ms CreateObjectMapping: 0.183800 ms MarkObjects: 2.622000 ms  DeleteObjects: 0.050900 ms)

AssetImportParameters requested are different than current active one (requested -> active):
  custom:framework-win-MediaFoundation: 216162199b28c13a410421893ffa2e32 -> 
  custom:video-decoder-ogg-theora: a1e56fd34408186e4bbccfd4996cb3dc -> 
  custom:container-muxer-webm: aa71ff27fc2769a1b78a27578f13a17b -> 
  custom:container-demuxer-webm: 4f35f7cbe854078d1ac9338744f61a02 -> 
  custom:container-demuxer-ogg: 62fdf1f143b41e24485cea50d1cbac27 -> 
  custom:video-encoder-webm-vp8: eb34c28f22e8b96e1ab97ce403110664 -> 
  custom:video-codec-MediaFoundation-h265: 746d11721c4dcdbdad8f713fa42b33f4 -> 
  custom:video-decoder-webm-vp8: 9c59270c3fd7afecdb556c50c9e8de78 -> 
  custom:audio-decoder-ogg-vorbis: bf7c407c2cedff20999df2af8eb42d56 -> 
  custom:audio-encoder-webm-vorbis: bf7c407c2cedff20999df2af8eb42d56 -> 
========================================================================
Received Import Request.
  Time since last request: 65.406056 seconds.
  path: Assets/Mobile Canvas .prefab
  artifactKey: Guid(b8b70da74c84e834cac7f9897a4fcbf6) Importer(815301076,1909f56bfc062723c751e8b465ee728b)
Start importing Assets/Mobile Canvas .prefab using Guid(b8b70da74c84e834cac7f9897a4fcbf6) Importer(815301076,1909f56bfc062723c751e8b465ee728b)  -> (artifact id: '8194642aa622f55d373a03a0dccd681a') in 0.101710 seconds 
  Import took 0.107106 seconds .

========================================================================
Received Import Request.
  Time since last request: 0.540952 seconds.
  path: Assets/Mobile Canvas.prefab
  artifactKey: Guid(b8b70da74c84e834cac7f9897a4fcbf6) Importer(815301076,1909f56bfc062723c751e8b465ee728b)
Start importing Assets/Mobile Canvas.prefab using Guid(b8b70da74c84e834cac7f9897a4fcbf6) Importer(815301076,1909f56bfc062723c751e8b465ee728b)  -> (artifact id: 'a7baa4cc5216b9730f747b7ecfcba5bd') in 0.014802 seconds 
  Import took 0.019950 seconds .

========================================================================
Received Import Request.
  Time since last request: 43.294320 seconds.
  path: Assets/Mobile Canvas.prefab
  artifactKey: Guid(b8b70da74c84e834cac7f9897a4fcbf6) Importer(815301076,1909f56bfc062723c751e8b465ee728b)
Start importing Assets/Mobile Canvas.prefab using Guid(b8b70da74c84e834cac7f9897a4fcbf6) Importer(815301076,1909f56bfc062723c751e8b465ee728b)  -> (artifact id: '55e84e59d01875cfb4e1533811eec9da') in 0.013141 seconds 
  Import took 0.070166 seconds .

========================================================================
Received Import Request.
  Time since last request: 12.531903 seconds.
  path: Assets/EventSystem.prefab
  artifactKey: Guid(77f84e824b1dbad4aa12334de121e458) Importer(815301076,1909f56bfc062723c751e8b465ee728b)
Start importing Assets/EventSystem.prefab using Guid(77f84e824b1dbad4aa12334de121e458) Importer(815301076,1909f56bfc062723c751e8b465ee728b)  -> (artifact id: '832ef9dc41a744b007fef7bdbf2fea5b') in 0.005961 seconds 
  Import took 0.010649 seconds .

========================================================================
Received Import Request.
  Time since last request: 123.235120 seconds.
  path: Assets/Malbers Animations/Animals Packs/01 Forest Pack/_Forest Pack (AC)/Boar AC
  artifactKey: Guid(2033cbd9f8ab8084bbcb5f19f5fbeb22) Importer(815301076,1909f56bfc062723c751e8b465ee728b)
Start importing Assets/Malbers Animations/Animals Packs/01 Forest Pack/_Forest Pack (AC)/Boar AC using Guid(2033cbd9f8ab8084bbcb5f19f5fbeb22) Importer(815301076,1909f56bfc062723c751e8b465ee728b)  -> (artifact id: 'ff2566766b31a18c3527aa86306b37c9') in 0.002563 seconds 
  Import took 0.008819 seconds .

========================================================================
Received Prepare
Registering precompiled user dll's ...
Registered in 0.006727 seconds.
Begin MonoManager ReloadAssembly
Native extension for WindowsStandalone target not found
Refreshing native plugins compatible for Editor in 0.86 ms, found 2 plugins.
Preloading 0 native plugins for Editor in 0.00 ms.
Mono: successfully reloaded assembly
- Completed reload, in  1.274 seconds
Domain Reload Profiling:
	ReloadAssembly (1275ms)
		BeginReloadAssembly (138ms)
			ExecutionOrderSort (0ms)
			DisableScriptedObjects (11ms)
			BackupInstance (0ms)
			ReleaseScriptingObjects (0ms)
			CreateAndSetChildDomain (37ms)
		EndReloadAssembly (1064ms)
			LoadAssemblies (113ms)
			RebuildTransferFunctionScriptingTraits (0ms)
			SetupTypeCache (387ms)
			ReleaseScriptCaches (1ms)
			RebuildScriptCaches (47ms)
			SetupLoadedEditorAssemblies (373ms)
				LogAssemblyErrors (0ms)
				InitializePlatformSupportModulesInManaged (4ms)
				SetLoadedEditorAssemblies (0ms)
				RefreshPlugins (1ms)
				BeforeProcessingInitializeOnLoad (83ms)
				ProcessInitializeOnLoadAttributes (274ms)
				ProcessInitializeOnLoadMethodAttributes (4ms)
				AfterProcessingInitializeOnLoad (6ms)
				EditorAssembliesLoaded (0ms)
			ExecutionOrderSort2 (0ms)
			AwakeInstancesAfterBackupRestoration (14ms)
Platform modules already initialized, skipping
Refreshing native plugins compatible for Editor in 0.79 ms, found 2 plugins.
Preloading 0 native plugins for Editor in 0.00 ms.
Unloading 3068 Unused Serialized files (Serialized files now loaded: 0)
System memory in use before: 232.7 MB.
System memory in use after: 232.9 MB.

Unloading 16 unused Assets to reduce memory usage. Loaded Objects now: 3715.
Total: 3.651200 ms (FindLiveObjects: 0.529100 ms CreateObjectMapping: 0.157800 ms MarkObjects: 2.921800 ms  DeleteObjects: 0.041700 ms)

AssetImportParameters requested are different than current active one (requested -> active):
  custom:framework-win-MediaFoundation: 216162199b28c13a410421893ffa2e32 -> 
  custom:video-decoder-ogg-theora: a1e56fd34408186e4bbccfd4996cb3dc -> 
  custom:container-muxer-webm: aa71ff27fc2769a1b78a27578f13a17b -> 
  custom:container-demuxer-webm: 4f35f7cbe854078d1ac9338744f61a02 -> 
  custom:container-demuxer-ogg: 62fdf1f143b41e24485cea50d1cbac27 -> 
  custom:video-encoder-webm-vp8: eb34c28f22e8b96e1ab97ce403110664 -> 
  custom:video-codec-MediaFoundation-h265: 746d11721c4dcdbdad8f713fa42b33f4 -> 
  custom:video-decoder-webm-vp8: 9c59270c3fd7afecdb556c50c9e8de78 -> 
  custom:audio-decoder-ogg-vorbis: bf7c407c2cedff20999df2af8eb42d56 -> 
  custom:audio-encoder-webm-vorbis: bf7c407c2cedff20999df2af8eb42d56 -> 
========================================================================
Received Import Request.
  Time since last request: 640.557696 seconds.
  path: Assets/Malbers Animations/Animals Packs/01 Forest Pack/Boar
  artifactKey: Guid(6c8dab30a366fa3439a14ca6025207a0) Importer(815301076,1909f56bfc062723c751e8b465ee728b)
Start importing Assets/Malbers Animations/Animals Packs/01 Forest Pack/Boar using Guid(6c8dab30a366fa3439a14ca6025207a0) Importer(815301076,1909f56bfc062723c751e8b465ee728b)  -> (artifact id: 'e2c676353e987f5ef0ad3b18206b5567') in 0.006415 seconds 
  Import took 0.012224 seconds .

========================================================================
Received Import Request.
  Time since last request: 0.363907 seconds.
  path: Assets/Malbers Animations/Animals Packs/01 Forest Pack/Cougar
  artifactKey: Guid(9c4e813a2000827418070193585bd4f9) Importer(815301076,1909f56bfc062723c751e8b465ee728b)
Start importing Assets/Malbers Animations/Animals Packs/01 Forest Pack/Cougar using Guid(9c4e813a2000827418070193585bd4f9) Importer(815301076,1909f56bfc062723c751e8b465ee728b)  -> (artifact id: '1f5dcd43201368745cdb66c3ed68b404') in 0.002446 seconds 
  Import took 0.007986 seconds .

========================================================================
Received Prepare
Registering precompiled user dll's ...
Registered in 0.004862 seconds.
Begin MonoManager ReloadAssembly
Native extension for WindowsStandalone target not found
Refreshing native plugins compatible for Editor in 0.80 ms, found 2 plugins.
Preloading 0 native plugins for Editor in 0.00 ms.
Mono: successfully reloaded assembly
- Completed reload, in  1.054 seconds
Domain Reload Profiling:
	ReloadAssembly (1054ms)
		BeginReloadAssembly (98ms)
			ExecutionOrderSort (0ms)
			DisableScriptedObjects (4ms)
			BackupInstance (0ms)
			ReleaseScriptingObjects (0ms)
			CreateAndSetChildDomain (29ms)
		EndReloadAssembly (901ms)
			LoadAssemblies (79ms)
			RebuildTransferFunctionScriptingTraits (0ms)
			SetupTypeCache (290ms)
			ReleaseScriptCaches (1ms)
			RebuildScriptCaches (41ms)
			SetupLoadedEditorAssemblies (365ms)
				LogAssemblyErrors (0ms)
				InitializePlatformSupportModulesInManaged (4ms)
				SetLoadedEditorAssemblies (0ms)
				RefreshPlugins (1ms)
				BeforeProcessingInitializeOnLoad (80ms)
				ProcessInitializeOnLoadAttributes (270ms)
				ProcessInitializeOnLoadMethodAttributes (3ms)
				AfterProcessingInitializeOnLoad (6ms)
				EditorAssembliesLoaded (0ms)
			ExecutionOrderSort2 (0ms)
			AwakeInstancesAfterBackupRestoration (12ms)
Platform modules already initialized, skipping
Refreshing native plugins compatible for Editor in 0.79 ms, found 2 plugins.
Preloading 0 native plugins for Editor in 0.00 ms.
Unloading 3068 Unused Serialized files (Serialized files now loaded: 0)
System memory in use before: 232.7 MB.
System memory in use after: 233.0 MB.

Unloading 16 unused Assets to reduce memory usage. Loaded Objects now: 3729.
Total: 3.587900 ms (FindLiveObjects: 0.265000 ms CreateObjectMapping: 0.121800 ms MarkObjects: 3.184800 ms  DeleteObjects: 0.015500 ms)

AssetImportParameters requested are different than current active one (requested -> active):
  custom:framework-win-MediaFoundation: 216162199b28c13a410421893ffa2e32 -> 
  custom:video-decoder-ogg-theora: a1e56fd34408186e4bbccfd4996cb3dc -> 
  custom:container-muxer-webm: aa71ff27fc2769a1b78a27578f13a17b -> 
  custom:container-demuxer-webm: 4f35f7cbe854078d1ac9338744f61a02 -> 
  custom:container-demuxer-ogg: 62fdf1f143b41e24485cea50d1cbac27 -> 
  custom:video-encoder-webm-vp8: eb34c28f22e8b96e1ab97ce403110664 -> 
  custom:video-codec-MediaFoundation-h265: 746d11721c4dcdbdad8f713fa42b33f4 -> 
  custom:video-decoder-webm-vp8: 9c59270c3fd7afecdb556c50c9e8de78 -> 
  custom:audio-decoder-ogg-vorbis: bf7c407c2cedff20999df2af8eb42d56 -> 
  custom:audio-encoder-webm-vorbis: bf7c407c2cedff20999df2af8eb42d56 -> 
========================================================================
Received Import Request.
  Time since last request: 66.040531 seconds.
  path: Assets/Scenes/IntroLevel.unity
  artifactKey: Guid(03717494eb2a3e14fa783a9c93d36c4e) Importer(815301076,1909f56bfc062723c751e8b465ee728b)
Start importing Assets/Scenes/IntroLevel.unity using Guid(03717494eb2a3e14fa783a9c93d36c4e) Importer(815301076,1909f56bfc062723c751e8b465ee728b)  -> (artifact id: '3b95eb687e5a284f62d5e7c8c6185672') in 0.020780 seconds 
  Import took 0.027168 seconds .

========================================================================
Received Import Request.
  Time since last request: 21.379323 seconds.
  path: Assets/CM Brain.prefab
  artifactKey: Guid(0f1aaddc81a49f849bec13f351090308) Importer(815301076,1909f56bfc062723c751e8b465ee728b)
Start importing Assets/CM Brain.prefab using Guid(0f1aaddc81a49f849bec13f351090308) Importer(815301076,1909f56bfc062723c751e8b465ee728b)  -> (artifact id: 'e4da41c12643714664c7f232b4380852') in 0.018904 seconds 
  Import took 0.023661 seconds .

========================================================================
Received Import Request.
  Time since last request: 11.381653 seconds.
  path: Assets/CM FreeLook Main Variant.prefab
  artifactKey: Guid(de00f8766c58c0b4a9390248930152d1) Importer(815301076,1909f56bfc062723c751e8b465ee728b)
Start importing Assets/CM FreeLook Main Variant.prefab using Guid(de00f8766c58c0b4a9390248930152d1) Importer(815301076,1909f56bfc062723c751e8b465ee728b)  -> (artifact id: 'dc05e2321a0809aa03aa4f82c9c67dac') in 0.058660 seconds 
  Import took 0.064230 seconds .

========================================================================
Received Import Request.
  Time since last request: 0.035539 seconds.
  path: Assets/CM FreeLook Main Variant.prefab
  artifactKey: Guid(de00f8766c58c0b4a9390248930152d1) Importer(815301076,1909f56bfc062723c751e8b465ee728b)
Start importing Assets/CM FreeLook Main Variant.prefab using Guid(de00f8766c58c0b4a9390248930152d1) Importer(815301076,1909f56bfc062723c751e8b465ee728b)  -> (artifact id: 'dc05e2321a0809aa03aa4f82c9c67dac') in 0.006083 seconds 
  Import took 0.010859 seconds .

========================================================================
Received Import Request.
  Time since last request: 137.413737 seconds.
  path: Assets/PolygonSciFiCity
  artifactKey: Guid(31469b59cd3ce364296dd1a09239a75a) Importer(815301076,1909f56bfc062723c751e8b465ee728b)
Start importing Assets/PolygonSciFiCity using Guid(31469b59cd3ce364296dd1a09239a75a) Importer(815301076,1909f56bfc062723c751e8b465ee728b)  -> (artifact id: 'c5a69f7fc70699a3428fc85518ddbcb4') in 0.002707 seconds 
  Import took 0.007949 seconds .

========================================================================
Received Import Request.
  Time since last request: 1.794581 seconds.
  path: Assets/PolygonSciFiCity/URP_ExtractMe.unitypackage
  artifactKey: Guid(92a80e6f6cd90464b8f87b98fc72999a) Importer(815301076,1909f56bfc062723c751e8b465ee728b)
Start importing Assets/PolygonSciFiCity/URP_ExtractMe.unitypackage using Guid(92a80e6f6cd90464b8f87b98fc72999a) Importer(815301076,1909f56bfc062723c751e8b465ee728b)  -> (artifact id: '62b2ba19f150ce1f3fe7fb1626b24e83') in 0.004244 seconds 
  Import took 0.010219 seconds .

========================================================================
Received Import Request.
  Time since last request: 5.049576 seconds.
  path: Assets/PolygonSciFiCity/Models
  artifactKey: Guid(4e5f720a89c5eb74286853f27be138e0) Importer(815301076,1909f56bfc062723c751e8b465ee728b)
Start importing Assets/PolygonSciFiCity/Models using Guid(4e5f720a89c5eb74286853f27be138e0) Importer(815301076,1909f56bfc062723c751e8b465ee728b)  -> (artifact id: '37f1d7b77aebf6f0c0254f14322a1705') in 0.002165 seconds 
  Import took 0.007705 seconds .

========================================================================
Received Import Request.
  Time since last request: 0.435664 seconds.
  path: Assets/PolygonSciFiCity/Prefabs
  artifactKey: Guid(8b5775697679b364886cc9b765cbadd4) Importer(815301076,1909f56bfc062723c751e8b465ee728b)
Start importing Assets/PolygonSciFiCity/Prefabs using Guid(8b5775697679b364886cc9b765cbadd4) Importer(815301076,1909f56bfc062723c751e8b465ee728b)  -> (artifact id: '0f9a86fc6a493bed781dd7a2925aebcd') in 0.002479 seconds 
  Import took 0.008242 seconds .

========================================================================
Received Import Request.
  Time since last request: 2.194245 seconds.
  path: Assets/PolygonSciFiCity/Prefabs/Environments
  artifactKey: Guid(061728e5d8adb7e46b3f7df94513688f) Importer(815301076,1909f56bfc062723c751e8b465ee728b)
Start importing Assets/PolygonSciFiCity/Prefabs/Environments using Guid(061728e5d8adb7e46b3f7df94513688f) Importer(815301076,1909f56bfc062723c751e8b465ee728b)  -> (artifact id: 'f4ed9c998c1c349acac76dc805e2d521') in 0.002535 seconds 
  Import took 0.008021 seconds .

========================================================================
Received Import Request.
  Time since last request: 1.031364 seconds.
  path: Assets/PolygonSciFiCity/Prefabs/Environments/SM_Env_Ceiling_01.prefab
  artifactKey: Guid(6f76f6f433f1c804eacbb3bc274e52d3) Importer(815301076,1909f56bfc062723c751e8b465ee728b)
Start importing Assets/PolygonSciFiCity/Prefabs/Environments/SM_Env_Ceiling_01.prefab using Guid(6f76f6f433f1c804eacbb3bc274e52d3) Importer(815301076,1909f56bfc062723c751e8b465ee728b)  -> (artifact id: '6575d7ee5d7ee1701f1c2bdbd9491907') in 0.426307 seconds 
  Import took 0.432141 seconds .

========================================================================
Received Import Request.
  Time since last request: 0.935985 seconds.
  path: Assets/PolygonSciFiCity/Prefabs/Environments/SM_Env_Cloud_03.prefab
  artifactKey: Guid(54363d676f1022e4b820c2e6344b5a32) Importer(815301076,1909f56bfc062723c751e8b465ee728b)
Start importing Assets/PolygonSciFiCity/Prefabs/Environments/SM_Env_Cloud_03.prefab using Guid(54363d676f1022e4b820c2e6344b5a32) Importer(815301076,1909f56bfc062723c751e8b465ee728b)  -> (artifact id: '002d983b0f30eb891878b3184c0a730c') in 0.030265 seconds 
  Import took 0.036691 seconds .

========================================================================
Received Import Request.
  Time since last request: 0.721593 seconds.
  path: Assets/PolygonSciFiCity/Prefabs/Environments/SM_Env_Dirt_Mound_Small_01.prefab
  artifactKey: Guid(6ff04bde591b8af4284ecf06b1f4e10d) Importer(815301076,1909f56bfc062723c751e8b465ee728b)
Start importing Assets/PolygonSciFiCity/Prefabs/Environments/SM_Env_Dirt_Mound_Small_01.prefab using Guid(6ff04bde591b8af4284ecf06b1f4e10d) Importer(815301076,1909f56bfc062723c751e8b465ee728b)  -> (artifact id: '03d77399c298ba57138ef9af323cd28d') in 0.028086 seconds 
  Import took 0.033956 seconds .

========================================================================
Received Import Request.
  Time since last request: 0.731787 seconds.
  path: Assets/PolygonSciFiCity/Prefabs/Environments/SM_Env_Dirt_Mound_Small_02.prefab
  artifactKey: Guid(ccd868c6db030ab40adf1fbfd7bd146c) Importer(815301076,1909f56bfc062723c751e8b465ee728b)
Start importing Assets/PolygonSciFiCity/Prefabs/Environments/SM_Env_Dirt_Mound_Small_02.prefab using Guid(ccd868c6db030ab40adf1fbfd7bd146c) Importer(815301076,1909f56bfc062723c751e8b465ee728b)  -> (artifact id: 'eff5891aea253408987b89e71504af81') in 0.030460 seconds 
  Import took 0.036846 seconds .

========================================================================
Received Import Request.
  Time since last request: 0.476575 seconds.
  path: Assets/PolygonSciFiCity/Prefabs/Environments/SM_Env_Floor_01.prefab
  artifactKey: Guid(0af7253adfe9a6c4ca7be0a1573f3c77) Importer(815301076,1909f56bfc062723c751e8b465ee728b)
Start importing Assets/PolygonSciFiCity/Prefabs/Environments/SM_Env_Floor_01.prefab using Guid(0af7253adfe9a6c4ca7be0a1573f3c77) Importer(815301076,1909f56bfc062723c751e8b465ee728b)  -> (artifact id: '8f20f83ef763121fe5edf1ed21463d9a') in 0.028853 seconds 
  Import took 0.034735 seconds .

========================================================================
Received Import Request.
  Time since last request: 0.021966 seconds.
  path: Assets/PolygonSciFiCity/Prefabs/Environments/SM_Env_Graffiti_Ground_02.prefab
  artifactKey: Guid(60cd73154fdca5341b382b27cba0e0a0) Importer(815301076,1909f56bfc062723c751e8b465ee728b)
Start importing Assets/PolygonSciFiCity/Prefabs/Environments/SM_Env_Graffiti_Ground_02.prefab using Guid(60cd73154fdca5341b382b27cba0e0a0) Importer(815301076,1909f56bfc062723c751e8b465ee728b)  -> (artifact id: 'a0b9925a6b6a04b5e4cb6c5b557ff4da') in 0.009667 seconds 
  Import took 0.014811 seconds .

========================================================================
Received Import Request.
  Time since last request: 0.028194 seconds.
  path: Assets/PolygonSciFiCity/Prefabs/Environments/SM_Env_Graffiti_Ground_03.prefab
  artifactKey: Guid(5cb5cf94c3a22684b948fd61c70399b2) Importer(815301076,1909f56bfc062723c751e8b465ee728b)
Start importing Assets/PolygonSciFiCity/Prefabs/Environments/SM_Env_Graffiti_Ground_03.prefab using Guid(5cb5cf94c3a22684b948fd61c70399b2) Importer(815301076,1909f56bfc062723c751e8b465ee728b)  -> (artifact id: 'bcf13d87fc154340bea5313d9b588435') in 0.009729 seconds 
  Import took 0.014766 seconds .

========================================================================
Received Import Request.
  Time since last request: 0.030233 seconds.
  path: Assets/PolygonSciFiCity/Prefabs/Environments/SM_Env_Graffiti_Ground_04.prefab
  artifactKey: Guid(0b74b2c684374954d9c1dfbfe2aa4f34) Importer(815301076,1909f56bfc062723c751e8b465ee728b)
Start importing Assets/PolygonSciFiCity/Prefabs/Environments/SM_Env_Graffiti_Ground_04.prefab using Guid(0b74b2c684374954d9c1dfbfe2aa4f34) Importer(815301076,1909f56bfc062723c751e8b465ee728b)  -> (artifact id: 'a42684e8343948bc5b6673d177e15371') in 0.009352 seconds 
  Import took 0.014331 seconds .

========================================================================
Received Import Request.
  Time since last request: 0.034593 seconds.
  path: Assets/PolygonSciFiCity/Prefabs/Environments/SM_Env_Graffiti_Ground_05.prefab
  artifactKey: Guid(225be330fbd18c64ca86a8d1d52f2002) Importer(815301076,1909f56bfc062723c751e8b465ee728b)
Start importing Assets/PolygonSciFiCity/Prefabs/Environments/SM_Env_Graffiti_Ground_05.prefab using Guid(225be330fbd18c64ca86a8d1d52f2002) Importer(815301076,1909f56bfc062723c751e8b465ee728b)  -> (artifact id: '647b3691801b91f7750d3f39230ae29b') in 0.009656 seconds 
  Import took 0.014768 seconds .

========================================================================
Received Import Request.
  Time since last request: 0.032419 seconds.
  path: Assets/PolygonSciFiCity/Prefabs/Environments/SM_Env_Graffiti_Wall_02.prefab
  artifactKey: Guid(69b5ac7139df353409e90edb95cc7502) Importer(815301076,1909f56bfc062723c751e8b465ee728b)
Start importing Assets/PolygonSciFiCity/Prefabs/Environments/SM_Env_Graffiti_Wall_02.prefab using Guid(69b5ac7139df353409e90edb95cc7502) Importer(815301076,1909f56bfc062723c751e8b465ee728b)  -> (artifact id: '9f23a2fc6a09b053793befbfa329e61a') in 0.009766 seconds 
  Import took 0.014643 seconds .

========================================================================
Received Import Request.
  Time since last request: 0.039798 seconds.
  path: Assets/PolygonSciFiCity/Prefabs/Environments/SM_Env_Graffiti_Wall_03.prefab
  artifactKey: Guid(30b74090ba79abb4a921ed08cf6365c6) Importer(815301076,1909f56bfc062723c751e8b465ee728b)
Start importing Assets/PolygonSciFiCity/Prefabs/Environments/SM_Env_Graffiti_Wall_03.prefab using Guid(30b74090ba79abb4a921ed08cf6365c6) Importer(815301076,1909f56bfc062723c751e8b465ee728b)  -> (artifact id: '4dc51ac3de5ef79dd8664037192021f6') in 0.029817 seconds 
  Import took 0.034762 seconds .

========================================================================
Received Import Request.
  Time since last request: 0.006787 seconds.
  path: Assets/PolygonSciFiCity/Prefabs/Environments/SM_Env_Graffiti_Wall_04.prefab
  artifactKey: Guid(7aed49cac7aa42d4585cfa65722c86be) Importer(815301076,1909f56bfc062723c751e8b465ee728b)
Start importing Assets/PolygonSciFiCity/Prefabs/Environments/SM_Env_Graffiti_Wall_04.prefab using Guid(7aed49cac7aa42d4585cfa65722c86be) Importer(815301076,1909f56bfc062723c751e8b465ee728b)  -> (artifact id: '09e2d52d3332648117e4e3c0723f5016') in 0.009424 seconds 
  Import took 0.014470 seconds .

========================================================================
Received Import Request.
  Time since last request: 0.013764 seconds.
  path: Assets/PolygonSciFiCity/Prefabs/Environments/SM_Env_Graffiti_Wall_04.prefab
  artifactKey: Guid(7aed49cac7aa42d4585cfa65722c86be) Importer(815301076,1909f56bfc062723c751e8b465ee728b)
Start importing Assets/PolygonSciFiCity/Prefabs/Environments/SM_Env_Graffiti_Wall_04.prefab using Guid(7aed49cac7aa42d4585cfa65722c86be) Importer(815301076,1909f56bfc062723c751e8b465ee728b)  -> (artifact id: '09e2d52d3332648117e4e3c0723f5016') in 0.008823 seconds 
  Import took 0.013735 seconds .

========================================================================
Received Import Request.
  Time since last request: 0.053046 seconds.
  path: Assets/PolygonSciFiCity/Prefabs/Environments/SM_Env_Graffiti_Wall_05.prefab
  artifactKey: Guid(53597c8bf8fac774b9f55260a5ddadc8) Importer(815301076,1909f56bfc062723c751e8b465ee728b)
Start importing Assets/PolygonSciFiCity/Prefabs/Environments/SM_Env_Graffiti_Wall_05.prefab using Guid(53597c8bf8fac774b9f55260a5ddadc8) Importer(815301076,1909f56bfc062723c751e8b465ee728b)  -> (artifact id: 'ed98b7b21c8e6dd360f1b52f6e9d073a') in 0.009024 seconds 
  Import took 0.013862 seconds .

========================================================================
Received Import Request.
  Time since last request: 0.058595 seconds.
  path: Assets/PolygonSciFiCity/Prefabs/Environments/SM_Env_Grass_Patch_01.prefab
  artifactKey: Guid(42942cf4d2fa1e349871495005540968) Importer(815301076,1909f56bfc062723c751e8b465ee728b)
Start importing Assets/PolygonSciFiCity/Prefabs/Environments/SM_Env_Grass_Patch_01.prefab using Guid(42942cf4d2fa1e349871495005540968) Importer(815301076,1909f56bfc062723c751e8b465ee728b)  -> (artifact id: '791f01a5937b087b66dbdda05a71e2ff') in 0.026261 seconds 
  Import took 0.032224 seconds .

========================================================================
Received Import Request.
  Time since last request: 0.011342 seconds.
  path: Assets/PolygonSciFiCity/Prefabs/Environments/SM_Env_Grass_Patch_02.prefab
  artifactKey: Guid(acb1d6a86083a694fa68f73a3affbd95) Importer(815301076,1909f56bfc062723c751e8b465ee728b)
Start importing Assets/PolygonSciFiCity/Prefabs/Environments/SM_Env_Grass_Patch_02.prefab using Guid(acb1d6a86083a694fa68f73a3affbd95) Importer(815301076,1909f56bfc062723c751e8b465ee728b)  -> (artifact id: '8180558cacaed549fb8186a5e60df019') in 0.026631 seconds 
  Import took 0.032381 seconds .

========================================================================
Received Import Request.
  Time since last request: 0.015925 seconds.
  path: Assets/PolygonSciFiCity/Prefabs/Environments/SM_Env_Grass_Patch_03.prefab
  artifactKey: Guid(bdb5f6fb0cd7830459ab6e0820190c32) Importer(815301076,1909f56bfc062723c751e8b465ee728b)
Start importing Assets/PolygonSciFiCity/Prefabs/Environments/SM_Env_Grass_Patch_03.prefab using Guid(bdb5f6fb0cd7830459ab6e0820190c32) Importer(815301076,1909f56bfc062723c751e8b465ee728b)  -> (artifact id: 'e72cfe7460f29a3c3718b6dc5f9d3934') in 0.027237 seconds 
  Import took 0.033365 seconds .

========================================================================
Received Import Request.
  Time since last request: 0.002188 seconds.
  path: Assets/PolygonSciFiCity/Prefabs/Environments/SM_Env_Grass_Patch_03.prefab
  artifactKey: Guid(bdb5f6fb0cd7830459ab6e0820190c32) Importer(815301076,1909f56bfc062723c751e8b465ee728b)
Start importing Assets/PolygonSciFiCity/Prefabs/Environments/SM_Env_Grass_Patch_03.prefab using Guid(bdb5f6fb0cd7830459ab6e0820190c32) Importer(815301076,1909f56bfc062723c751e8b465ee728b)  -> (artifact id: 'e72cfe7460f29a3c3718b6dc5f9d3934') in 0.031563 seconds 
  Import took 0.038043 seconds .

========================================================================
Received Import Request.
  Time since last request: 0.726773 seconds.
  path: Assets/PolygonSciFiCity/Prefabs/Environments/SM_Env_Graffiti_Wall_01.prefab
  artifactKey: Guid(9e28e564ee5f50c4da3ca867f7d88553) Importer(815301076,1909f56bfc062723c751e8b465ee728b)
Start importing Assets/PolygonSciFiCity/Prefabs/Environments/SM_Env_Graffiti_Wall_01.prefab using Guid(9e28e564ee5f50c4da3ca867f7d88553) Importer(815301076,1909f56bfc062723c751e8b465ee728b)  -> (artifact id: '337ed65c018cc9cd63e6d050c591a949') in 0.009423 seconds 
  Import took 0.014681 seconds .

========================================================================
Received Import Request.
  Time since last request: 0.003794 seconds.
  path: Assets/PolygonSciFiCity/Prefabs/Environments/SM_Env_Graffiti_Wall_01.prefab
  artifactKey: Guid(9e28e564ee5f50c4da3ca867f7d88553) Importer(815301076,1909f56bfc062723c751e8b465ee728b)
Start importing Assets/PolygonSciFiCity/Prefabs/Environments/SM_Env_Graffiti_Wall_01.prefab using Guid(9e28e564ee5f50c4da3ca867f7d88553) Importer(815301076,1909f56bfc062723c751e8b465ee728b)  -> (artifact id: '337ed65c018cc9cd63e6d050c591a949') in 0.009362 seconds 
  Import took 0.013990 seconds .

========================================================================
Received Import Request.
  Time since last request: 0.209886 seconds.
  path: Assets/PolygonSciFiCity/Prefabs/Environments/SM_Env_Graffiti_Ground_01.prefab
  artifactKey: Guid(6112f7245b49efb418df4cff8a1829d4) Importer(815301076,1909f56bfc062723c751e8b465ee728b)
Start importing Assets/PolygonSciFiCity/Prefabs/Environments/SM_Env_Graffiti_Ground_01.prefab using Guid(6112f7245b49efb418df4cff8a1829d4) Importer(815301076,1909f56bfc062723c751e8b465ee728b)  -> (artifact id: 'e09a6961a550d708ebbab0c0dbfa068f') in 0.009007 seconds 
  Import took 0.013677 seconds .

========================================================================
Received Import Request.
  Time since last request: 0.152780 seconds.
  path: Assets/PolygonSciFiCity/Prefabs/Environments/SM_Env_Cloud_05.prefab
  artifactKey: Guid(f3c6f17d5719ea547a79d95b1f9256e4) Importer(815301076,1909f56bfc062723c751e8b465ee728b)
Start importing Assets/PolygonSciFiCity/Prefabs/Environments/SM_Env_Cloud_05.prefab using Guid(f3c6f17d5719ea547a79d95b1f9256e4) Importer(815301076,1909f56bfc062723c751e8b465ee728b)  -> (artifact id: '3028d1067c29ecd7c14646c7821504af') in 0.027095 seconds 
  Import took 0.033023 seconds .

========================================================================
Received Import Request.
  Time since last request: 0.005593 seconds.
  path: Assets/PolygonSciFiCity/Prefabs/Environments/SM_Env_Cloud_04.prefab
  artifactKey: Guid(b3e56991057ea274d877e8bf39bde4ff) Importer(815301076,1909f56bfc062723c751e8b465ee728b)
Start importing Assets/PolygonSciFiCity/Prefabs/Environments/SM_Env_Cloud_04.prefab using Guid(b3e56991057ea274d877e8bf39bde4ff) Importer(815301076,1909f56bfc062723c751e8b465ee728b)  -> (artifact id: '9272ea128ae66d502143e680b86a3cc8') in 0.026211 seconds 
  Import took 0.032562 seconds .

========================================================================
Received Import Request.
  Time since last request: 0.049034 seconds.
  path: Assets/PolygonSciFiCity/Prefabs/Environments/SM_Env_Cloud_02.prefab
  artifactKey: Guid(37eb180cfec9fac438df346ecd3ad8b2) Importer(815301076,1909f56bfc062723c751e8b465ee728b)
Start importing Assets/PolygonSciFiCity/Prefabs/Environments/SM_Env_Cloud_02.prefab using Guid(37eb180cfec9fac438df346ecd3ad8b2) Importer(815301076,1909f56bfc062723c751e8b465ee728b)  -> (artifact id: 'fca413e8c71d7ee0843e64678283eb63') in 0.026192 seconds 
  Import took 0.031828 seconds .

========================================================================
Received Import Request.
  Time since last request: 0.013716 seconds.
  path: Assets/PolygonSciFiCity/Prefabs/Environments/SM_Env_Cloud_01.prefab
  artifactKey: Guid(e4ad7b9d6948ca648bcf0072d2d69e1b) Importer(815301076,1909f56bfc062723c751e8b465ee728b)
Start importing Assets/PolygonSciFiCity/Prefabs/Environments/SM_Env_Cloud_01.prefab using Guid(e4ad7b9d6948ca648bcf0072d2d69e1b) Importer(815301076,1909f56bfc062723c751e8b465ee728b)  -> (artifact id: 'e4f8a2de168b7b0fd917ec5f19e57acf') in 0.026516 seconds 
  Import took 0.032428 seconds .

========================================================================
Received Import Request.
  Time since last request: 0.004265 seconds.
  path: Assets/PolygonSciFiCity/Prefabs/Environments/SM_Env_Cloud_01.prefab
  artifactKey: Guid(e4ad7b9d6948ca648bcf0072d2d69e1b) Importer(815301076,1909f56bfc062723c751e8b465ee728b)
Start importing Assets/PolygonSciFiCity/Prefabs/Environments/SM_Env_Cloud_01.prefab using Guid(e4ad7b9d6948ca648bcf0072d2d69e1b) Importer(815301076,1909f56bfc062723c751e8b465ee728b)  -> (artifact id: 'e4f8a2de168b7b0fd917ec5f19e57acf') in 0.027463 seconds 
  Import took 0.033343 seconds .

========================================================================
Received Import Request.
  Time since last request: 102.229492 seconds.
  path: Assets/Malbers Animations/Animal Controller/1 - Demos
  artifactKey: Guid(ac29238b3dcb1084ca4e1562c82d72d2) Importer(815301076,1909f56bfc062723c751e8b465ee728b)
Start importing Assets/Malbers Animations/Animal Controller/1 - Demos using Guid(ac29238b3dcb1084ca4e1562c82d72d2) Importer(815301076,1909f56bfc062723c751e8b465ee728b)  -> (artifact id: '6562a760f738178ed57d2da535298267') in 0.002266 seconds 
  Import took 0.007737 seconds .

========================================================================
Received Prepare
Registering precompiled user dll's ...
Registered in 0.004995 seconds.
Begin MonoManager ReloadAssembly
Native extension for WindowsStandalone target not found
Refreshing native plugins compatible for Editor in 0.92 ms, found 2 plugins.
Preloading 0 native plugins for Editor in 0.00 ms.
Mono: successfully reloaded assembly
- Completed reload, in  1.090 seconds
Domain Reload Profiling:
	ReloadAssembly (1091ms)
		BeginReloadAssembly (118ms)
			ExecutionOrderSort (0ms)
			DisableScriptedObjects (6ms)
			BackupInstance (0ms)
			ReleaseScriptingObjects (0ms)
			CreateAndSetChildDomain (39ms)
		EndReloadAssembly (919ms)
			LoadAssemblies (88ms)
			RebuildTransferFunctionScriptingTraits (0ms)
			SetupTypeCache (283ms)
			ReleaseScriptCaches (1ms)
			RebuildScriptCaches (43ms)
			SetupLoadedEditorAssemblies (376ms)
				LogAssemblyErrors (0ms)
				InitializePlatformSupportModulesInManaged (4ms)
				SetLoadedEditorAssemblies (0ms)
				RefreshPlugins (1ms)
				BeforeProcessingInitializeOnLoad (78ms)
				ProcessInitializeOnLoadAttributes (282ms)
				ProcessInitializeOnLoadMethodAttributes (3ms)
				AfterProcessingInitializeOnLoad (7ms)
				EditorAssembliesLoaded (0ms)
			ExecutionOrderSort2 (0ms)
			AwakeInstancesAfterBackupRestoration (15ms)
Platform modules already initialized, skipping
Refreshing native plugins compatible for Editor in 1.10 ms, found 2 plugins.
Preloading 0 native plugins for Editor in 0.00 ms.
Unloading 3070 Unused Serialized files (Serialized files now loaded: 0)
System memory in use before: 234.9 MB.
System memory in use after: 234.2 MB.

Unloading 18 unused Assets to reduce memory usage. Loaded Objects now: 3780.
Total: 3.782500 ms (FindLiveObjects: 0.317900 ms CreateObjectMapping: 0.148700 ms MarkObjects: 2.741900 ms  DeleteObjects: 0.573100 ms)

AssetImportParameters requested are different than current active one (requested -> active):
  custom:framework-win-MediaFoundation: 216162199b28c13a410421893ffa2e32 -> 
  custom:video-decoder-ogg-theora: a1e56fd34408186e4bbccfd4996cb3dc -> 
  custom:container-muxer-webm: aa71ff27fc2769a1b78a27578f13a17b -> 
  custom:container-demuxer-webm: 4f35f7cbe854078d1ac9338744f61a02 -> 
  custom:container-demuxer-ogg: 62fdf1f143b41e24485cea50d1cbac27 -> 
  custom:video-encoder-webm-vp8: eb34c28f22e8b96e1ab97ce403110664 -> 
  custom:video-codec-MediaFoundation-h265: 746d11721c4dcdbdad8f713fa42b33f4 -> 
  custom:video-decoder-webm-vp8: 9c59270c3fd7afecdb556c50c9e8de78 -> 
  custom:audio-decoder-ogg-vorbis: bf7c407c2cedff20999df2af8eb42d56 -> 
  custom:audio-encoder-webm-vorbis: bf7c407c2cedff20999df2af8eb42d56 -> 
========================================================================
Received Import Request.
  Time since last request: 66.851255 seconds.
  path: Assets/Scenes/IntroLevel.unity
  artifactKey: Guid(03717494eb2a3e14fa783a9c93d36c4e) Importer(815301076,1909f56bfc062723c751e8b465ee728b)
Start importing Assets/Scenes/IntroLevel.unity using Guid(03717494eb2a3e14fa783a9c93d36c4e) Importer(815301076,1909f56bfc062723c751e8b465ee728b)  -> (artifact id: '2456775aaa1237f47916039e415a7135') in 0.017276 seconds 
  Import took 0.022816 seconds .

========================================================================
Received Prepare
Registering precompiled user dll's ...
Registered in 0.008977 seconds.
Begin MonoManager ReloadAssembly
Native extension for WindowsStandalone target not found
Refreshing native plugins compatible for Editor in 1.70 ms, found 2 plugins.
Preloading 0 native plugins for Editor in 0.00 ms.
Mono: successfully reloaded assembly
- Completed reload, in  1.317 seconds
Domain Reload Profiling:
	ReloadAssembly (1317ms)
		BeginReloadAssembly (122ms)
			ExecutionOrderSort (0ms)
			DisableScriptedObjects (7ms)
			BackupInstance (0ms)
			ReleaseScriptingObjects (0ms)
			CreateAndSetChildDomain (32ms)
		EndReloadAssembly (1130ms)
			LoadAssemblies (105ms)
			RebuildTransferFunctionScriptingTraits (0ms)
			SetupTypeCache (347ms)
			ReleaseScriptCaches (1ms)
			RebuildScriptCaches (67ms)
			SetupLoadedEditorAssemblies (445ms)
				LogAssemblyErrors (0ms)
				InitializePlatformSupportModulesInManaged (4ms)
				SetLoadedEditorAssemblies (1ms)
				RefreshPlugins (2ms)
				BeforeProcessingInitializeOnLoad (103ms)
				ProcessInitializeOnLoadAttributes (325ms)
				ProcessInitializeOnLoadMethodAttributes (4ms)
				AfterProcessingInitializeOnLoad (6ms)
				EditorAssembliesLoaded (0ms)
			ExecutionOrderSort2 (0ms)
			AwakeInstancesAfterBackupRestoration (14ms)
Platform modules already initialized, skipping
Switching build target platform(19) subTarget(0) extendedPlatform(0) -> platform(13) subTarget(537395200) extendedPlatform(0)
Refreshing native plugins compatible for Editor in 0.92 ms, found 2 plugins.
Preloading 0 native plugins for Editor in 0.00 ms.
Unloading 3074 Unused Serialized files (Serialized files now loaded: 0)
System memory in use before: 232.3 MB.
System memory in use after: 231.6 MB.

Unloading 18 unused Assets to reduce memory usage. Loaded Objects now: 3794.
Total: 3.690100 ms (FindLiveObjects: 0.307800 ms CreateObjectMapping: 0.155100 ms MarkObjects: 2.597000 ms  DeleteObjects: 0.629400 ms)

AssetImportParameters requested are different than current active one (requested -> active):
  custom:framework-win-MediaFoundation: 216162199b28c13a410421893ffa2e32 -> 
  custom:video-decoder-ogg-theora: a1e56fd34408186e4bbccfd4996cb3dc -> 
  custom:container-muxer-webm: aa71ff27fc2769a1b78a27578f13a17b -> 
  custom:container-demuxer-webm: 4f35f7cbe854078d1ac9338744f61a02 -> 
  custom:container-demuxer-ogg: 62fdf1f143b41e24485cea50d1cbac27 -> 
  custom:video-encoder-webm-vp8: eb34c28f22e8b96e1ab97ce403110664 -> 
  custom:video-codec-MediaFoundation-h265: 746d11721c4dcdbdad8f713fa42b33f4 -> 
  custom:video-decoder-webm-vp8: 9c59270c3fd7afecdb556c50c9e8de78 -> 
  custom:graphics/normal-map-encoding: 01000000000000000000000000000000 -> 02000000000000000000000000000000
  custom:audio-decoder-ogg-vorbis: bf7c407c2cedff20999df2af8eb42d56 -> 
  custom:audio-encoder-webm-vorbis: bf7c407c2cedff20999df2af8eb42d56 -> 
========================================================================
Received Prepare
Refreshing native plugins compatible for Editor in 4.47 ms, found 2 plugins.
Preloading 0 native plugins for Editor in 0.00 ms.
Unloading 15 Unused Serialized files (Serialized files now loaded: 0)
System memory in use before: 171.2 MB.
System memory in use after: 170.6 MB.

Unloading 15 unused Assets to reduce memory usage. Loaded Objects now: 3794.
Total: 3.888200 ms (FindLiveObjects: 0.309600 ms CreateObjectMapping: 0.160600 ms MarkObjects: 2.745800 ms  DeleteObjects: 0.671300 ms)

AssetImportParameters requested are different than current active one (requested -> active):
  custom:framework-win-MediaFoundation: 216162199b28c13a410421893ffa2e32 -> 
  custom:video-decoder-ogg-theora: a1e56fd34408186e4bbccfd4996cb3dc -> 
  custom:container-muxer-webm: aa71ff27fc2769a1b78a27578f13a17b -> 
  custom:container-demuxer-webm: 4f35f7cbe854078d1ac9338744f61a02 -> 
  custom:container-demuxer-ogg: 62fdf1f143b41e24485cea50d1cbac27 -> 
  custom:video-encoder-webm-vp8: eb34c28f22e8b96e1ab97ce403110664 -> 
  custom:video-codec-MediaFoundation-h265: 746d11721c4dcdbdad8f713fa42b33f4 -> 
  custom:video-decoder-webm-vp8: 9c59270c3fd7afecdb556c50c9e8de78 -> 
  custom:audio-decoder-ogg-vorbis: bf7c407c2cedff20999df2af8eb42d56 -> 
  custom:audio-encoder-webm-vorbis: bf7c407c2cedff20999df2af8eb42d56 -> 
========================================================================
Received Prepare
Refreshing native plugins compatible for Editor in 5.34 ms, found 2 plugins.
Preloading 0 native plugins for Editor in 0.00 ms.
Unloading 15 Unused Serialized files (Serialized files now loaded: 0)
System memory in use before: 171.4 MB.
System memory in use after: 170.8 MB.

Unloading 15 unused Assets to reduce memory usage. Loaded Objects now: 3794.
Total: 4.000400 ms (FindLiveObjects: 0.291300 ms CreateObjectMapping: 0.142600 ms MarkObjects: 2.905200 ms  DeleteObjects: 0.660700 ms)

AssetImportParameters requested are different than current active one (requested -> active):
  custom:framework-win-MediaFoundation: 216162199b28c13a410421893ffa2e32 -> 
  custom:video-decoder-ogg-theora: a1e56fd34408186e4bbccfd4996cb3dc -> 
  custom:container-muxer-webm: aa71ff27fc2769a1b78a27578f13a17b -> 
  custom:container-demuxer-webm: 4f35f7cbe854078d1ac9338744f61a02 -> 
  custom:container-demuxer-ogg: 62fdf1f143b41e24485cea50d1cbac27 -> 
  custom:video-encoder-webm-vp8: eb34c28f22e8b96e1ab97ce403110664 -> 
  custom:video-codec-MediaFoundation-h265: 746d11721c4dcdbdad8f713fa42b33f4 -> 
  custom:video-decoder-webm-vp8: 9c59270c3fd7afecdb556c50c9e8de78 -> 
  custom:audio-decoder-ogg-vorbis: bf7c407c2cedff20999df2af8eb42d56 -> 
  custom:audio-encoder-webm-vorbis: bf7c407c2cedff20999df2af8eb42d56 -> 
========================================================================
Received Prepare
Refreshing native plugins compatible for Editor in 4.85 ms, found 2 plugins.
Preloading 0 native plugins for Editor in 0.00 ms.
Unloading 15 Unused Serialized files (Serialized files now loaded: 0)
System memory in use before: 171.4 MB.
System memory in use after: 170.8 MB.

Unloading 15 unused Assets to reduce memory usage. Loaded Objects now: 3794.
Total: 5.156600 ms (FindLiveObjects: 0.463900 ms CreateObjectMapping: 0.165700 ms MarkObjects: 3.800200 ms  DeleteObjects: 0.725800 ms)

AssetImportParameters requested are different than current active one (requested -> active):
  custom:framework-win-MediaFoundation: 216162199b28c13a410421893ffa2e32 -> 
  custom:video-decoder-ogg-theora: a1e56fd34408186e4bbccfd4996cb3dc -> 
  custom:container-muxer-webm: aa71ff27fc2769a1b78a27578f13a17b -> 
  custom:container-demuxer-webm: 4f35f7cbe854078d1ac9338744f61a02 -> 
  custom:container-demuxer-ogg: 62fdf1f143b41e24485cea50d1cbac27 -> 
  custom:video-encoder-webm-vp8: eb34c28f22e8b96e1ab97ce403110664 -> 
  custom:video-codec-MediaFoundation-h265: 746d11721c4dcdbdad8f713fa42b33f4 -> 
  custom:video-decoder-webm-vp8: 9c59270c3fd7afecdb556c50c9e8de78 -> 
  custom:audio-decoder-ogg-vorbis: bf7c407c2cedff20999df2af8eb42d56 -> 
  custom:audio-encoder-webm-vorbis: bf7c407c2cedff20999df2af8eb42d56 -> 
AssetImportWorkerClient::OnTransportError - code=2 error=End of file
